{
  "notebook": "12.fgsm-pgd-dummy.ipynb",
  "history": {
    "loss": [
      3.3606148787907193,
      3.1958066395350864,
      3.0493432453700473,
      2.860053368977138,
      2.7146927629198347,
      2.6259119851248607,
      2.4148443085806712,
      2.277739099093846,
      2.237790141786848,
      2.263976982661656
    ],
    "l_ce": [
      3.3606148787907193,
      3.1958066395350864,
      3.0493432453700473,
      2.860053368977138,
      2.7146927629198347,
      2.6259119851248607,
      2.4148443085806712,
      2.277739099093846,
      2.237790141786848,
      2.263976982661656
    ],
    "val_macro_f1": [
      0.11794871794871795,
      0.10952380952380951,
      0.11597633136094675,
      0.11597633136094675,
      0.11597633136094675,
      0.11597633136094675,
      0.1111111111111111,
      0.2431746031746032,
      0.11571334648257725,
      0.11571334648257725
    ],
    "epoch_sec": [
      30.629407921995153,
      29.591260059009073,
      29.156756903001224,
      29.13716855700477,
      30.075954878004268,
      29.071947554999497,
      29.328339453000808,
      29.435408054006984,
      29.173836105997907,
      29.077753324992955
    ]
  },
  "extra": {
    "label_column": "label_multiclass",
    "imbalance_mode": "class_weighted_ce",
    "epochs": 10,
    "batch_size": 32,
    "lr": 0.01,
    "lambda1": 0.0,
    "lambda2": 0.0,
    "n_train": 200,
    "n_val": 20,
    "n_test": 20,
    "clean_test_acc": 0.15,
    "clean_test_macro_f1": 0.01488833746898263,
    "fgsm_eps": 0.05,
    "fgsm_test_acc": 0.15,
    "fgsm_test_macro_f1": 0.01488833746898263,
    "pgd_eps": 0.05,
    "pgd_alpha": 0.01,
    "pgd_steps": 10,
    "pgd_test_acc": 0.15,
    "pgd_test_macro_f1": 0.01488833746898263,
    "class_names": [
      "Backdoor_Malware",
      "BenignTraffic",
      "BrowserHijacking",
      "CommandInjection",
      "DDoS-ACK_Fragmentation",
      "DDoS-HTTP_Flood",
      "DDoS-ICMP_Flood",
      "DDoS-ICMP_Fragmentation",
      "DDoS-PSHACK_Flood",
      "DDoS-RSTFINFlood",
      "DDoS-SYN_Flood",
      "DDoS-SlowLoris",
      "DDoS-SynonymousIP_Flood",
      "DDoS-TCP_Flood",
      "DDoS-UDP_Flood",
      "DDoS-UDP_Fragmentation",
      "DNS_Spoofing",
      "DictionaryBruteForce",
      "DoS-HTTP_Flood",
      "DoS-SYN_Flood",
      "DoS-TCP_Flood",
      "DoS-UDP_Flood",
      "MITM-ArpSpoofing",
      "Recon-HostDiscovery",
      "Recon-OSScan",
      "Recon-PingSweep",
      "Recon-PortScan",
      "SqlInjection",
      "Uploading_Attack",
      "VulnerabilityScan",
      "XSS"
    ]
  }
}