{
  "notebook": "13.tune-lambdas-ciciot.ipynb",
  "history": {
    "sensitivity": [
      {
        "lambda1": 0.66,
        "lambda2": 0.0,
        "epochs": 10,
        "train_sec": 2946.4,
        "val_macro_f1_last": 0.170907,
        "val_macro_f1_best": 0.2178,
        "l_intra_last": 0.1824,
        "l_inter_last": -0.8144,
        "grad_var_last": 0.0,
        "grad_var_min": 0.0,
        "barren_plateau_any": true,
        "barren_plateau_ok": false
      },
      {
        "lambda1": 0.66,
        "lambda2": 0.33,
        "epochs": 10,
        "train_sec": 2954.1,
        "val_macro_f1_last": 0.170907,
        "val_macro_f1_best": 0.2178,
        "l_intra_last": 0.1824,
        "l_inter_last": -0.8144,
        "grad_var_last": 0.0,
        "grad_var_min": 0.0,
        "barren_plateau_any": true,
        "barren_plateau_ok": false
      },
      {
        "lambda1": 0.66,
        "lambda2": 0.66,
        "epochs": 10,
        "train_sec": 2989.2,
        "val_macro_f1_last": 0.170907,
        "val_macro_f1_best": 0.2178,
        "l_intra_last": 0.1824,
        "l_inter_last": -0.8144,
        "grad_var_last": 0.0,
        "grad_var_min": 0.0,
        "barren_plateau_any": true,
        "barren_plateau_ok": false
      },
      {
        "lambda1": 0.66,
        "lambda2": 1.0,
        "epochs": 10,
        "train_sec": 2980.0,
        "val_macro_f1_last": 0.170907,
        "val_macro_f1_best": 0.2178,
        "l_intra_last": 0.1824,
        "l_inter_last": -0.8144,
        "grad_var_last": 0.0,
        "grad_var_min": 0.0,
        "barren_plateau_any": true,
        "barren_plateau_ok": false
      },
      {
        "lambda1": 0.33,
        "lambda2": 0.0,
        "epochs": 10,
        "train_sec": 2965.3,
        "val_macro_f1_last": 0.1675,
        "val_macro_f1_best": 0.2178,
        "l_intra_last": 0.186,
        "l_inter_last": -0.8165,
        "grad_var_last": 0.0,
        "grad_var_min": 0.0,
        "barren_plateau_any": true,
        "barren_plateau_ok": false
      },
      {
        "lambda1": 0.33,
        "lambda2": 0.33,
        "epochs": 10,
        "train_sec": 2958.3,
        "val_macro_f1_last": 0.1675,
        "val_macro_f1_best": 0.2178,
        "l_intra_last": 0.186,
        "l_inter_last": -0.8165,
        "grad_var_last": 0.0,
        "grad_var_min": 0.0,
        "barren_plateau_any": true,
        "barren_plateau_ok": false
      },
      {
        "lambda1": 0.33,
        "lambda2": 0.66,
        "epochs": 10,
        "train_sec": 2938.1,
        "val_macro_f1_last": 0.1675,
        "val_macro_f1_best": 0.2178,
        "l_intra_last": 0.186,
        "l_inter_last": -0.8165,
        "grad_var_last": 0.0,
        "grad_var_min": 0.0,
        "barren_plateau_any": true,
        "barren_plateau_ok": false
      },
      {
        "lambda1": 0.33,
        "lambda2": 1.0,
        "epochs": 10,
        "train_sec": 2941.6,
        "val_macro_f1_last": 0.1675,
        "val_macro_f1_best": 0.2178,
        "l_intra_last": 0.186,
        "l_inter_last": -0.8165,
        "grad_var_last": 0.0,
        "grad_var_min": 0.0,
        "barren_plateau_any": true,
        "barren_plateau_ok": false
      },
      {
        "lambda1": 1.0,
        "lambda2": 0.0,
        "epochs": 10,
        "train_sec": 2941.2,
        "val_macro_f1_last": 0.170907,
        "val_macro_f1_best": 0.170907,
        "l_intra_last": 0.180406,
        "l_inter_last": -0.813515,
        "grad_var_last": 0.0,
        "grad_var_min": 0.0,
        "barren_plateau_any": true,
        "barren_plateau_ok": false
      },
      {
        "lambda1": 1.0,
        "lambda2": 0.33,
        "epochs": 10,
        "train_sec": 2971.7,
        "val_macro_f1_last": 0.170907,
        "val_macro_f1_best": 0.170907,
        "l_intra_last": 0.180406,
        "l_inter_last": -0.813515,
        "grad_var_last": 0.0,
        "grad_var_min": 0.0,
        "barren_plateau_any": true,
        "barren_plateau_ok": false
      },
      {
        "lambda1": 1.0,
        "lambda2": 0.66,
        "epochs": 10,
        "train_sec": 2413.024619,
        "val_macro_f1_last": 0.170907,
        "val_macro_f1_best": 0.170907,
        "l_intra_last": 0.180406,
        "l_inter_last": -0.813515,
        "grad_var_last": 0.0,
        "grad_var_min": 0.0,
        "barren_plateau_any": true,
        "barren_plateau_ok": false
      },
      {
        "lambda1": 1.0,
        "lambda2": 1.0,
        "epochs": 10,
        "train_sec": 2423.319811,
        "val_macro_f1_last": 0.170907,
        "val_macro_f1_best": 0.170907,
        "l_intra_last": 0.180406,
        "l_inter_last": -0.813515,
        "grad_var_last": 0.0,
        "grad_var_min": 0.0,
        "barren_plateau_any": true,
        "barren_plateau_ok": false
      },
      {
        "lambda1": 0.0,
        "lambda2": 0.0,
        "epochs": 10,
        "train_sec": 2980.1,
        "val_macro_f1_last": 0.1654,
        "val_macro_f1_best": 0.1654,
        "l_intra_last": 0.1919,
        "l_inter_last": -0.8208,
        "grad_var_last": 0.0,
        "grad_var_min": 0.0,
        "barren_plateau_any": true,
        "barren_plateau_ok": false
      },
      {
        "lambda1": 0.0,
        "lambda2": 0.33,
        "epochs": 10,
        "train_sec": 2994.7,
        "val_macro_f1_last": 0.1654,
        "val_macro_f1_best": 0.1654,
        "l_intra_last": 0.1919,
        "l_inter_last": -0.8208,
        "grad_var_last": 0.0,
        "grad_var_min": 0.0,
        "barren_plateau_any": true,
        "barren_plateau_ok": false
      },
      {
        "lambda1": 0.0,
        "lambda2": 0.66,
        "epochs": 10,
        "train_sec": 2976.2,
        "val_macro_f1_last": 0.1654,
        "val_macro_f1_best": 0.1654,
        "l_intra_last": 0.1919,
        "l_inter_last": -0.8208,
        "grad_var_last": 0.0,
        "grad_var_min": 0.0,
        "barren_plateau_any": true,
        "barren_plateau_ok": false
      },
      {
        "lambda1": 0.0,
        "lambda2": 1.0,
        "epochs": 10,
        "train_sec": 2987.6,
        "val_macro_f1_last": 0.1654,
        "val_macro_f1_best": 0.1654,
        "l_intra_last": 0.1919,
        "l_inter_last": -0.8208,
        "grad_var_last": 0.0,
        "grad_var_min": 0.0,
        "barren_plateau_any": true,
        "barren_plateau_ok": false
      }
    ]
  },
  "extra": {
    "dataset": "CICIoT2023",
    "data_path": "data/CICIoT2023/quantum",
    "split_prefix": "q8",
    "seed": 42,
    "epochs": 10,
    "batch_size": 64,
    "lr": 0.05,
    "n_train": 661,
    "n_val": 94,
    "num_qubits": 8,
    "num_layers": 2,
    "noise_rate": 0.01,
    "barren_plateau_var": 1e-06,
    "lambda1_grid": [
      0.0,
      0.33,
      0.66,
      1
    ],
    "lambda2_grid": [
      0.0,
      0.33,
      0.66,
      1
    ],
    "best_row": {
      "lambda1": 0.66,
      "lambda2": 0.0,
      "epochs": 10,
      "train_sec": 2946.4,
      "val_macro_f1_last": 0.170907,
      "val_macro_f1_best": 0.2178,
      "l_intra_last": 0.1824,
      "l_inter_last": -0.8144,
      "grad_var_last": 0.0,
      "grad_var_min": 0.0,
      "barren_plateau_any": true,
      "barren_plateau_ok": false
    },
    "class_names": [
      "Backdoor_Malware",
      "BenignTraffic",
      "BrowserHijacking",
      "CommandInjection",
      "DDoS-ACK_Fragmentation",
      "DDoS-HTTP_Flood",
      "DDoS-ICMP_Flood",
      "DDoS-ICMP_Fragmentation",
      "DDoS-PSHACK_Flood",
      "DDoS-RSTFINFlood",
      "DDoS-SYN_Flood",
      "DDoS-SlowLoris",
      "DDoS-SynonymousIP_Flood",
      "DDoS-TCP_Flood",
      "DDoS-UDP_Flood",
      "DDoS-UDP_Fragmentation",
      "DNS_Spoofing",
      "DictionaryBruteForce",
      "DoS-HTTP_Flood",
      "DoS-SYN_Flood",
      "DoS-TCP_Flood",
      "DoS-UDP_Flood",
      "MITM-ArpSpoofing",
      "Recon-HostDiscovery",
      "Recon-OSScan",
      "Recon-PingSweep",
      "Recon-PortScan",
      "SqlInjection",
      "Uploading_Attack",
      "VulnerabilityScan",
      "XSS"
    ]
  }
}
