{
  "history": {
    "loss": [
      1.308285117149353,
      1.3445655888529768,
      1.4025475458357481
    ],
    "L_CE": [
      1.308285117149353,
      1.4536933898925781,
      1.520626187324524
    ],
    "L_intra": [
      0.0,
      0.24984272855350798,
      0.2120953054709538
    ],
    "L_inter": [
      0.0,
      -0.7801638843878509,
      -0.7470876474141762
    ],
    "grad_var": [
      0.0004938969505019486,
      0.0010562612442299724,
      0.001425639959052205
    ],
    "intra_fid_gap": [
      1.0,
      0.750157271446492,
      0.7879046945290462
    ],
    "inter_trace_dist": [
      0.7801638843878509,
      0.7470876474141762,
      0.7280030177144702
    ],
    "epoch_sec": [
      2.4694698880000487,
      4.492169978999982,
      4.4569498600001225
    ]
  },
  "extra": {
    "data_path": "data/BoT_IoT/quantum",
    "dataset": "BoT_IoT",
    "split_prefix": "q8",
    "target_col": "label_multiclass",
    "n_train": 20,
    "class_names": [
      "DDoS",
      "DoS",
      "Normal",
      "Reconnaissance"
    ],
    "epochs": 3,
    "batch_size": 64,
    "lr": 0.05,
    "lambda1": 0.5,
    "lambda2": 0.3,
    "use_weighted_sampler": true,
    "noise_rate": 0.01,
    "num_layers": 2,
    "num_qubits": 8,
    "num_classes": 4,
    "train_total_sec": 11.418589727000153,
    "loss_last": 1.4025475458357481,
    "barren_plateau_var": 1e-06,
    "barren_plateau_any": false
  }
}