{
  "notebook": "e2e-qs-net_v2.2.ipynb",
  "history": {
    "loss": [
      2.479190552512664,
      2.4503666855745587,
      2.4334092795079583,
      2.4242577543301125,
      2.4124320831520016,
      2.396524305278578,
      2.3775482221601525,
      2.3696518333146477,
      2.368051157224474,
      2.362281422939091,
      2.3653938344207113,
      2.361879582171049,
      2.3554454378050766,
      2.3573878690743246,
      2.3603392094284765
    ],
    "l_ce": [
      2.2135662883520126,
      2.1965356543660164,
      2.193947285413742,
      2.192072942852974,
      2.1913523450493813,
      2.192326620221138,
      2.1926769614219666,
      2.1928193122148514,
      2.1916761696338654,
      2.1925891041755676,
      2.192456431686878,
      2.1931073516607285,
      2.1926257386803627,
      2.192271612584591,
      2.1922014951705933
    ],
    "l_intra": [
      0.6242174640203075,
      0.602199369404197,
      0.575327741121692,
      0.5485355662011411,
      0.5309143305836228,
      0.4940013154680108,
      0.4521823166582403,
      0.43258628521692666,
      0.4241411067636881,
      0.41249552778222565,
      0.41998364432362384,
      0.4117053893356598,
      0.40456290230284353,
      0.4051289813719331,
      0.4116317818907159
    ],
    "l_inter": [
      -0.15494822616500728,
      -0.15756217831185443,
      -0.16067292155543303,
      -0.1402765720781067,
      -0.14792475729730375,
      -0.14267657558855204,
      -0.13739965863644765,
      -0.13153540502889166,
      -0.11898521930411829,
      -0.121851483758631,
      -0.12351473142659512,
      -0.12360154719169777,
      -0.1315391734223595,
      -0.12482744732077637,
      -0.12559392229158234
    ],
    "grad_var": [
      2.8095054119603446e-05,
      3.06996564347628e-05,
      2.8791656831117507e-05,
      2.9043942646467258e-05,
      2.6742980892890955e-05,
      4.3687675372439116e-05,
      3.835120671169534e-05,
      3.889960961345196e-05,
      3.444091169768626e-05,
      4.643407105930919e-05,
      2.779245185280388e-05,
      3.2958437273578056e-05,
      4.470708081782959e-05,
      3.9036896481547956e-05,
      3.737370013823238e-05
    ],
    "barren_plateau": [
      false,
      false,
      false,
      false,
      false,
      false,
      false,
      false,
      false,
      false,
      false,
      false,
      false,
      false,
      false
    ]
  },
  "extra": {
    "epochs": 15,
    "batch_size": 64,
    "lr": 0.01,
    "lambda1": 0.5,
    "lambda2": 0.3,
    "noise_rate": 0.01,
    "num_layers": 2,
    "num_qubits": 8,
    "num_classes": 9,
    "n_train": 2000,
    "barren_plateau_var": 1e-06,
    "alpha": 0.05,
    "q": 0.7477709405104893,
    "n_cal": 779,
    "cal_score_min": 0.2164731559243166,
    "cal_score_max": 0.9364826271023978,
    "cal_score_mean": 0.3904300800271689,
    "L_phi": 3.574033777637402,
    "Cf": 1.0
  }
}