{
  "history": {
    "loss": [
      0.9943458234721964,
      0.7800439585145942,
      0.7320773878069852,
      0.7016811174945847,
      0.6788908573000594,
      0.6602655775960052,
      0.6665963384734571,
      0.6643004799182517,
      0.6480431602180405,
      0.6439855806854035
    ],
    "L_CE": [
      0.9943458234721964,
      0.7837839424610138,
      0.750015373934399,
      0.7200664200566032,
      0.6998854794285514,
      0.6801556795835495,
      0.6882059601220217,
      0.6885681843215768,
      0.6665596867149527,
      0.6615175875750455
    ],
    "L_intra": [
      0.3234008626161326,
      0.2614083797085427,
      0.2507057361210953,
      0.24738714558219693,
      0.24663676504844767,
      0.25377952310141516,
      0.24609907459349187,
      0.24655670187265794,
      0.253260363980472,
      0.2602631426123607
    ],
    "L_inter": [
      -0.4692130973340927,
      -0.460613859157035,
      -0.4776361806265379,
      -0.4735962511770566,
      -0.48104334884238625,
      -0.4892662117941727,
      -0.4821971964843687,
      -0.49182018446551407,
      -0.4838223616238274,
      -0.49221192731940794
    ],
    "grad_var": [
      0.0005405733856440003,
      0.0011096117763868692,
      0.0021931742187668783,
      0.0013650635302672692,
      0.002021469465861711,
      0.0020237694575784685,
      0.002559068726523864,
      0.0031405702614971565,
      0.003024815231170082,
      0.004557765826492951
    ],
    "intra_fid_gap": [
      0.6765991373838673,
      0.7385916202914573,
      0.7492942638789046,
      0.7526128544178031,
      0.7533632349515522,
      0.746220476898585,
      0.7539009254065081,
      0.7534432981273421,
      0.7467396360195281,
      0.7397368573876393
    ],
    "inter_trace_dist": [
      0.4544667410894227,
      0.4740275701796907,
      0.46395699594543754,
      0.4788577227264352,
      0.48716883835113506,
      0.48974371686495394,
      0.49286244083537917,
      0.4885226234460765,
      0.49138954854209116,
      0.5031855495730674
    ],
    "epoch_sec": [
      578.3805683549981,
      586.7752953900017,
      589.3323785890025,
      592.1972364419998,
      592.860476373,
      592.2907224390001,
      593.0878253200026,
      592.5215984330025,
      592.8482231220005,
      588.9219619709984
    ]
  },
  "extra": {
    "data_path": "data/BoT_IoT/quantum",
    "dataset": "BoT_IoT",
    "split_prefix": "q8",
    "target_col": "label_multiclass",
    "n_train": 2800,
    "per_class_cap": 700,
    "class_names": [
      "DDoS",
      "DoS",
      "Normal",
      "Reconnaissance"
    ],
    "epochs": 10,
    "batch_size": 64,
    "lr": 0.05,
    "lambda1": 0.5,
    "lambda2": 0.3,
    "use_weighted_sampler": true,
    "noise_rate": 0.01,
    "num_layers": 2,
    "num_qubits": 8,
    "num_classes": 4,
    "L_phi": 2.843062809981707,
    "L_phi_percentile": 95.0,
    "L_phi_max": 3.306425241377359,
    "L_phi_mean": 1.9119139397352278,
    "n_probe": 128,
    "delta": 0.05,
    "checkpoint": "models/prototypes/BoT_IoT/estimate-lipschitz_bot-iot-checkpoint.pt"
  }
}