{
  "history": {
    "loss": [
      1.9774406724505955,
      1.8878251727312207,
      1.882292810177567,
      1.8437217032381004,
      1.8204280183151658,
      1.826314794352005,
      1.7661221434668402,
      1.77268112200387,
      1.742859332845587,
      1.7356784084374808
    ],
    "L_CE": [
      1.9774406724505955,
      1.8444966183768379,
      1.7976991044150459,
      1.7669211943944296,
      1.7407459921307034,
      1.7396037181218464,
      1.6854751586914063,
      1.692831622229682,
      1.6651747836007011,
      1.6632778724034627
    ],
    "L_intra": [
      0.4282074042086599,
      0.3852090669709721,
      0.38028948672829943,
      0.3667352317452689,
      0.36469360810658696,
      0.3756046459063292,
      0.3764156201625917,
      0.3723130375513175,
      0.3645604454245242,
      0.3567967895387331
    ],
    "L_inter": [
      -0.3394363679195569,
      -0.3531580825890688,
      -0.35183679200542683,
      -0.35522369009654414,
      -0.3422159262294358,
      -0.33697082241001775,
      -0.358536084352873,
      -0.35435673000490336,
      -0.3486522448912546,
      -0.35332619578449564
    ],
    "grad_var": [
      0.0002144345590446998,
      0.0009164070099359379,
      0.0026311084828598216,
      0.003304155137286418,
      0.0037332286663715624,
      0.0038889184115558036,
      0.00433254682381327,
      0.004871103296884232,
      0.00470068413997069,
      0.0035235207786576614
    ],
    "intra_fid_gap": [
      0.5717925957913401,
      0.6147909330290278,
      0.6197105132717006,
      0.6332647682547311,
      0.635306391893413,
      0.6243953540936709,
      0.6235843798374083,
      0.6276869624486824,
      0.6354395545754757,
      0.6432032104612669
    ],
    "inter_trace_dist": [
      0.34885479303876527,
      0.363146154152077,
      0.3664728329724304,
      0.3467515769417711,
      0.33983572658333755,
      0.35991359484970925,
      0.35256190108911,
      0.3476541880374833,
      0.3584756132433738,
      0.3551505414748994
    ],
    "epoch_sec": [
      598.1269819610025,
      607.0775001759976,
      606.8692333940053,
      606.7791348749961,
      608.083910207999,
      606.5554522079983,
      606.5157414420028,
      606.4907134629975,
      606.5315665179951,
      607.2710024319967
    ]
  },
  "extra": {
    "data_path": "data/UNSW-NB15/quantum",
    "dataset": "UNSW-NB15",
    "split_prefix": "q8",
    "target_col": "label_multiclass",
    "n_train": 2862,
    "per_class_cap": 400,
    "class_names": [
      "Analysis",
      "Backdoor",
      "DoS",
      "Exploits",
      "Fuzzers",
      "Generic",
      "Normal",
      "Reconnaissance"
    ],
    "epochs": 10,
    "batch_size": 64,
    "lr": 0.05,
    "lambda1": 0.5,
    "lambda2": 0.3,
    "use_weighted_sampler": true,
    "noise_rate": 0.01,
    "num_layers": 2,
    "num_qubits": 8,
    "num_classes": 8,
    "L_phi": 2.76089624636943,
    "L_phi_percentile": 95.0,
    "L_phi_max": 3.105734661031281,
    "L_phi_mean": 1.8683074616421542,
    "n_probe": 128,
    "delta": 0.05,
    "checkpoint": "models/prototypes/UNSW-NB15/estimate-lipschitz_unsw-nb15-checkpoint.pt"
  }
}