{
  "history": {
    "loss": [
      2.982262733247545,
      2.6352260379618686,
      2.5570729933856886,
      2.4760294773231863,
      2.424082007304931,
      2.394138929307744,
      2.3474473054063587,
      2.3486611667180166,
      2.31576726120768,
      2.317366379305472
    ],
    "L_CE": [
      2.982262733247545,
      2.6330434375339085,
      2.551721429824829,
      2.4731475671132404,
      2.418707243601481,
      2.385914585325453,
      2.3424365202585857,
      2.344039540820652,
      2.313873349295722,
      2.310517077975803
    ],
    "L_intra": [
      0.5019840007191144,
      0.45114871980030274,
      0.4527505646043624,
      0.4502594768758206,
      0.45134519598078177,
      0.4547266802485288,
      0.45227443279397594,
      0.44979873165191403,
      0.44551730374408777,
      0.4531084683120756
    ],
    "L_inter": [
      -0.7549361349159766,
      -0.7373638634807678,
      -0.736745729137739,
      -0.7408260940932164,
      -0.7343261142898035,
      -0.730463320473243,
      -0.7370881041640506,
      -0.7342591330953082,
      -0.7362157998669526,
      -0.7323497760878955
    ],
    "grad_var": [
      0.00035552940381522707,
      0.0006722720663270189,
      0.0007626094286226564,
      0.0011746966157160285,
      0.0009415402510462122,
      0.000994972618516638,
      0.0011941438922399863,
      0.0014450554218557146,
      0.001518790105668207,
      0.0015455285113097892
    ],
    "intra_fid_gap": [
      0.49801599928088564,
      0.5488512801996972,
      0.5472494353956375,
      0.5497405231241794,
      0.5486548040192182,
      0.5452733197514714,
      0.547725567206024,
      0.5502012683480859,
      0.5544826962559123,
      0.5468915316879244
    ],
    "inter_trace_dist": [
      0.7426705009399263,
      0.7420514253735735,
      0.7393533175682976,
      0.7356785254659376,
      0.7316195917482671,
      0.7391752483115382,
      0.7299588960625036,
      0.7316934164317909,
      0.7305013604678637,
      0.7315450077389414
    ],
    "epoch_sec": [
      802.9672969290004,
      815.0728712659984,
      821.1655703760007,
      822.9111829430003,
      827.762363030999,
      817.1716383610001,
      815.2592234999993,
      814.8268549680015,
      814.9697689230015,
      814.720094594999
    ]
  },
  "extra": {
    "data_path": "data/CICIoT2023/quantum",
    "dataset": "CICIoT2023",
    "split_prefix": "q8",
    "target_col": "label_multiclass",
    "n_train": 2878,
    "per_class_cap": 100,
    "class_names": [
      "Backdoor_Malware",
      "BenignTraffic",
      "BrowserHijacking",
      "CommandInjection",
      "DDoS-ACK_Fragmentation",
      "DDoS-HTTP_Flood",
      "DDoS-ICMP_Flood",
      "DDoS-ICMP_Fragmentation",
      "DDoS-PSHACK_Flood",
      "DDoS-RSTFINFlood",
      "DDoS-SYN_Flood",
      "DDoS-SlowLoris",
      "DDoS-SynonymousIP_Flood",
      "DDoS-TCP_Flood",
      "DDoS-UDP_Flood",
      "DDoS-UDP_Fragmentation",
      "DNS_Spoofing",
      "DictionaryBruteForce",
      "DoS-HTTP_Flood",
      "DoS-SYN_Flood",
      "DoS-TCP_Flood",
      "DoS-UDP_Flood",
      "MITM-ArpSpoofing",
      "Recon-HostDiscovery",
      "Recon-OSScan",
      "Recon-PingSweep",
      "Recon-PortScan",
      "SqlInjection",
      "Uploading_Attack",
      "VulnerabilityScan",
      "XSS"
    ],
    "epochs": 10,
    "batch_size": 64,
    "lr": 0.05,
    "lambda1": 0.5,
    "lambda2": 0.3,
    "use_weighted_sampler": true,
    "noise_rate": 0.01,
    "num_layers": 2,
    "num_qubits": 8,
    "num_classes": 31,
    "L_phi": 2.924640979488943,
    "L_phi_percentile": 95.0,
    "L_phi_max": 3.4461249070909643,
    "L_phi_mean": 1.9645744656717303,
    "n_probe": 128,
    "delta": 0.05,
    "checkpoint": "models/prototypes/CICIoT2023/estimate-lipschitz_ciciot2023-checkpoint.pt"
  }
}