{
  "notebook": "fgsm-pgd-kaggle.ipynb",
  "history": {
    "loss": [
      2.9639510214328766,
      2.2938933670520782,
      2.1368108689785004,
      2.0288290828466415,
      1.9635960161685944,
      1.9104180485010147,
      1.8690757304430008,
      1.8242530077695847,
      1.7870846837759018,
      1.7513932585716248
    ],
    "l_ce": [
      2.9639510214328766,
      2.2938933670520782,
      2.1368108689785004,
      2.0288290828466415,
      1.9635960161685944,
      1.9104180485010147,
      1.8690757304430008,
      1.8242530077695847,
      1.7870846837759018,
      1.7513932585716248
    ],
    "val_macro_f1": [
      0.042258314985587714,
      0.04901332763928184,
      0.059368983957219255,
      0.10988517655184321,
      0.07121657041480545,
      0.08138053097345133,
      0.12673302404485198,
      0.12250069669102054,
      0.15433400532669078,
      0.19885882916185943
    ],
    "epoch_sec": [
      402.8179764859999,
      403.240089122,
      404.69213087100024,
      403.6033019360002,
      404.2638348400001,
      403.89561047300003,
      402.6467587760003,
      401.6926305649995,
      401.6088106090001,
      401.1921742129998
    ]
  },
  "extra": {
    "label_column": "label_multiclass",
    "imbalance_mode": "class_weighted_ce",
    "epochs": 10,
    "batch_size": 256,
    "lr": 0.05,
    "lambda1": 0.0,
    "lambda2": 0.0,
    "n_train": 2000,
    "n_val": 200,
    "n_test": 200,
    "clean_test_acc": 0.395,
    "clean_test_macro_f1": 0.14112562069551315,
    "fgsm_eps": 0.2,
    "fgsm_test_acc": 0.02,
    "fgsm_test_macro_f1": 0.013594470046082949,
    "pgd_eps": 0.2,
    "pgd_alpha": 0.01,
    "pgd_steps": 10,
    "pgd_test_acc": 0.02,
    "pgd_test_macro_f1": 0.015806451612903224,
    "class_names": [
      "Backdoor_Malware",
      "BenignTraffic",
      "BrowserHijacking",
      "CommandInjection",
      "DDoS-ACK_Fragmentation",
      "DDoS-HTTP_Flood",
      "DDoS-ICMP_Flood",
      "DDoS-ICMP_Fragmentation",
      "DDoS-PSHACK_Flood",
      "DDoS-RSTFINFlood",
      "DDoS-SYN_Flood",
      "DDoS-SlowLoris",
      "DDoS-SynonymousIP_Flood",
      "DDoS-TCP_Flood",
      "DDoS-UDP_Flood",
      "DDoS-UDP_Fragmentation",
      "DNS_Spoofing",
      "DictionaryBruteForce",
      "DoS-HTTP_Flood",
      "DoS-SYN_Flood",
      "DoS-TCP_Flood",
      "DoS-UDP_Flood",
      "MITM-ArpSpoofing",
      "Recon-HostDiscovery",
      "Recon-OSScan",
      "Recon-PingSweep",
      "Recon-PortScan",
      "SqlInjection",
      "Uploading_Attack",
      "VulnerabilityScan",
      "XSS"
    ]
  }
}