{
  "notebook": "training-qs-net-prototypes_v3.0.ipynb",
  "history": {
    "loss": [
      2.881498577894273,
      2.2224272455177414,
      1.9627706104595966,
      1.9041429297512558,
      1.8394247816347553,
      1.8025977890142366,
      1.7524226505212877,
      1.713024761854439,
      1.6972672457944835,
      1.6618821603447114,
      1.652958823801236,
      1.6360481787083767,
      1.6251251170026961,
      1.602339502987065,
      1.6044888799730583,
      1.595353031963324,
      1.5762343761657742
    ],
    "l_ce": [
      3.034840017557144,
      2.369891196489334,
      2.10972061753273,
      2.054496482014656,
      1.9886944591999054,
      1.9506088942289352,
      1.9035999029874802,
      1.8730816692113876,
      1.8505239337682724,
      1.8225315660238266,
      1.80325348675251,
      1.7966735810041428,
      1.7846941500902176,
      1.759134128689766,
      1.760923832654953,
      1.749945968389511,
      1.7348500341176987
    ],
    "l_intra": [
      0.1956259715602695,
      0.20248245335965184,
      0.18422686255580434,
      0.18917062372807647,
      0.1854159360030021,
      0.17386095512643612,
      0.17118076724597564,
      0.16568826285736882,
      0.19112391879734444,
      0.16777064010112017,
      0.17656300861796267,
      0.15579509915827333,
      0.16768542829924019,
      0.16718632867566355,
      0.16719561965957197,
      0.17612539498247728,
      0.1661602314748479
    ],
    "l_inter": [
      -0.8371814181433526,
      -0.8290172588380633,
      -0.7968781278367861,
      -0.8164628804247949,
      -0.8065921518888371,
      -0.7831386092597223,
      -0.7892254536306014,
      -0.8096701292854431,
      -0.829395491241537,
      -0.815115752432251,
      -0.795253890867518,
      -0.7950765062496763,
      -0.8113724907904716,
      -0.8012926334684422,
      -0.8001092083722687,
      -0.8088521130580859,
      -0.8056525789644942
    ],
    "grad_var": [
      0.0014929361368558602,
      0.0012371079028525855,
      0.0008074217821558705,
      0.0015090295164554846,
      0.0014239965348679107,
      0.0014184189485604293,
      0.000899293263501022,
      0.0004809224174096016,
      0.00041861361296469113,
      0.0010982079238601727,
      0.0008844337316986639,
      0.0012999941027374007,
      0.0019450933250482194,
      0.0019612736905401107,
      0.0031503876743954606,
      0.00197033859876683,
      0.0023472148677683435
    ],
    "barren_plateau": [
      false,
      false,
      false,
      false,
      false,
      false,
      false,
      false,
      false,
      false,
      false,
      false,
      false,
      false,
      false,
      false,
      false
    ],
    "val_macro_f1": [
      0.051140583554376666,
      0.08667230205691744,
      0.0677814938684504,
      0.06919617114519663,
      0.09005936592143489,
      0.08721036307243205,
      0.16796464405160055,
      0.08712896299103196,
      0.14487179487179486,
      0.20274725274725278,
      0.2576923076923077,
      0.21737400530503978,
      0.25489510489510486,
      0.30238095238095236,
      0.2928397689267254,
      0.2928397689267254,
      0.20384615384615387
    ],
    "epoch_sec": [
      352.6472542529955,
      351.9340467039874,
      351.40858585300157,
      353.9080184140039,
      346.59024001400394,
      350.1978831079905,
      360.4528478019929,
      363.73080518099596,
      362.9416811300034,
      370.325280413992,
      371.8655004589964,
      366.6168263869913,
      356.02397199498955,
      352.3338789940026,
      354.9709529160027,
      350.3283468419977,
      352.17388533000485
    ]
  },
  "extra": {
    "label_column": "label_multiclass",
    "imbalance_mode": "class_weighted_ce",
    "dataset": "CICIoT2023",
    "class_names": [
      "Backdoor_Malware",
      "BenignTraffic",
      "BrowserHijacking",
      "CommandInjection",
      "DDoS-ACK_Fragmentation",
      "DDoS-HTTP_Flood",
      "DDoS-ICMP_Flood",
      "DDoS-ICMP_Fragmentation",
      "DDoS-PSHACK_Flood",
      "DDoS-RSTFINFlood",
      "DDoS-SYN_Flood",
      "DDoS-SlowLoris",
      "DDoS-SynonymousIP_Flood",
      "DDoS-TCP_Flood",
      "DDoS-UDP_Flood",
      "DDoS-UDP_Fragmentation",
      "DNS_Spoofing",
      "DictionaryBruteForce",
      "DoS-HTTP_Flood",
      "DoS-SYN_Flood",
      "DoS-TCP_Flood",
      "DoS-UDP_Flood",
      "MITM-ArpSpoofing",
      "Recon-HostDiscovery",
      "Recon-OSScan",
      "Recon-PingSweep",
      "Recon-PortScan",
      "SqlInjection",
      "Uploading_Attack",
      "VulnerabilityScan",
      "XSS"
    ],
    "epochs": 30,
    "batch_size": 64,
    "lr": 0.05,
    "lambda1": 0.5,
    "lambda2": 0.3,
    "noise_rate": 0.01,
    "num_layers": 2,
    "num_qubits": 8,
    "num_classes": 31,
    "n_train": 500,
    "n_val": 50,
    "n_test": 50,
    "barren_plateau_var": 1e-06,
    "compute_grad_var": true,
    "grad_var_last": 0.0023472148677683435,
    "barren_plateau_any": false,
    "val_macro_f1_last": 0.20384615384615387,
    "val_macro_f1_best": 0.30238095238095236,
    "train_total_sec": 6068.450005795952,
    "early_stop_patience": 3,
    "early_stop_min_delta": 0.0,
    "best_epoch": 14,
    "best_val_macro_f1": 0.30238095238095236,
    "stopped_early": true,
    "head_test_acc": 0.48,
    "head_test_macro_f1": 0.12680491551459291,
    "pipeline_n_accepted": 49,
    "pipeline_n_rejected": 1,
    "pipeline_reject_rate": 0.020000000000000018,
    "pipeline_acc_accepted": 0.42857142857142855,
    "pipeline_macro_f1_accepted": 0.13859020310633213,
    "pipeline_radius_mean_accepted": 0.008011712899743968,
    "alpha": 0.05,
    "q": 0.4723135638286562,
    "n_cal": 50,
    "cal_score_min": 0.00825701359073805,
    "cal_score_max": 0.6027471143397807,
    "cal_score_mean": 0.07732868701050788,
    "L_phi": 2.5631499775436986,
    "Cf": 1.0,
    "n_zero": 20,
    "zero_day_detection_rate": 1.0,
    "zero_day_incorrectly_accepted": 0,
    "zero_day_score_mean": 0.7975968485670956,
    "zero_day_score_min": 0.49614394028709075,
    "zero_day_score_max": 0.9625323046393469
  }
}