{
  "notebook": "tune-lambdas-unsw-nb15.ipynb",
  "history": {
    "sensitivity": [
      {
        "lambda1": 0.0,
        "lambda2": 0.0,
        "epochs": 10,
        "train_sec": 1208.6334998149978,
        "val_macro_f1_last": 0.18666666666666668,
        "val_macro_f1_best": 0.2024642024642025,
        "l_intra_last": 0.37726920664865543,
        "l_inter_last": -0.41545861008510654,
        "grad_var_last": 0.0,
        "grad_var_min": 0.0,
        "barren_plateau_any": true,
        "barren_plateau_ok": false
      },
      {
        "lambda1": 0.0,
        "lambda2": 0.33,
        "epochs": 10,
        "train_sec": 1248.9154497150012,
        "val_macro_f1_last": 0.18666666666666668,
        "val_macro_f1_best": 0.2024642024642025,
        "l_intra_last": 0.37726920664865543,
        "l_inter_last": -0.41545861008510654,
        "grad_var_last": 0.0,
        "grad_var_min": 0.0,
        "barren_plateau_any": true,
        "barren_plateau_ok": false
      },
      {
        "lambda1": 0.0,
        "lambda2": 0.66,
        "epochs": 10,
        "train_sec": 1241.2376880709999,
        "val_macro_f1_last": 0.18666666666666668,
        "val_macro_f1_best": 0.2024642024642025,
        "l_intra_last": 0.37726920664865543,
        "l_inter_last": -0.41545861008510654,
        "grad_var_last": 0.0,
        "grad_var_min": 0.0,
        "barren_plateau_any": true,
        "barren_plateau_ok": false
      },
      {
        "lambda1": 0.0,
        "lambda2": 1.0,
        "epochs": 10,
        "train_sec": 1221.7607479470025,
        "val_macro_f1_last": 0.18666666666666668,
        "val_macro_f1_best": 0.2024642024642025,
        "l_intra_last": 0.37726920664865543,
        "l_inter_last": -0.41545861008510654,
        "grad_var_last": 0.0,
        "grad_var_min": 0.0,
        "barren_plateau_any": true,
        "barren_plateau_ok": false
      },
      {
        "lambda1": 0.33,
        "lambda2": 0.0,
        "epochs": 10,
        "train_sec": 1287.647734606995,
        "val_macro_f1_last": 0.2330071754729289,
        "val_macro_f1_best": 0.2904761904761905,
        "l_intra_last": 0.380341724072957,
        "l_inter_last": -0.4148711500543458,
        "grad_var_last": 0.0,
        "grad_var_min": 0.0,
        "barren_plateau_any": true,
        "barren_plateau_ok": false
      },
      {
        "lambda1": 0.33,
        "lambda2": 0.33,
        "epochs": 10,
        "train_sec": 1299.3778045459985,
        "val_macro_f1_last": 0.2330071754729289,
        "val_macro_f1_best": 0.2904761904761905,
        "l_intra_last": 0.380341724072957,
        "l_inter_last": -0.4148711500543458,
        "grad_var_last": 0.0,
        "grad_var_min": 0.0,
        "barren_plateau_any": true,
        "barren_plateau_ok": false
      },
      {
        "lambda1": 0.33,
        "lambda2": 0.66,
        "epochs": 10,
        "train_sec": 1280.0686241660005,
        "val_macro_f1_last": 0.2330071754729289,
        "val_macro_f1_best": 0.2904761904761905,
        "l_intra_last": 0.380341724072957,
        "l_inter_last": -0.4148711500543458,
        "grad_var_last": 0.0,
        "grad_var_min": 0.0,
        "barren_plateau_any": true,
        "barren_plateau_ok": false
      },
      {
        "lambda1": 0.33,
        "lambda2": 1.0,
        "epochs": 10,
        "train_sec": 1234.3963692670004,
        "val_macro_f1_last": 0.2330071754729289,
        "val_macro_f1_best": 0.2904761904761905,
        "l_intra_last": 0.380341724072957,
        "l_inter_last": -0.4148711500543458,
        "grad_var_last": 0.0,
        "grad_var_min": 0.0,
        "barren_plateau_any": true,
        "barren_plateau_ok": false
      },
      {
        "lambda1": 0.66,
        "lambda2": 0.0,
        "epochs": 10,
        "train_sec": 1240.7986681080001,
        "val_macro_f1_last": 0.20942480942480945,
        "val_macro_f1_best": 0.2904761904761905,
        "l_intra_last": 0.37828886553014046,
        "l_inter_last": -0.4140868542282116,
        "grad_var_last": 0.0,
        "grad_var_min": 0.0,
        "barren_plateau_any": true,
        "barren_plateau_ok": false
      },
      {
        "lambda1": 0.66,
        "lambda2": 0.33,
        "epochs": 10,
        "train_sec": 1191.149286412001,
        "val_macro_f1_last": 0.20942480942480945,
        "val_macro_f1_best": 0.2904761904761905,
        "l_intra_last": 0.37828886553014046,
        "l_inter_last": -0.4140868542282116,
        "grad_var_last": 0.0,
        "grad_var_min": 0.0,
        "barren_plateau_any": true,
        "barren_plateau_ok": false
      },
      {
        "lambda1": 0.66,
        "lambda2": 0.66,
        "epochs": 10,
        "train_sec": 2214.2611411239996,
        "val_macro_f1_last": 0.20942480942480945,
        "val_macro_f1_best": 0.2904761904761905,
        "l_intra_last": 0.37828886553014046,
        "l_inter_last": -0.4140868542282116,
        "grad_var_last": 0.0,
        "grad_var_min": 0.0,
        "barren_plateau_any": true,
        "barren_plateau_ok": false
      },
      {
        "lambda1": 0.66,
        "lambda2": 1.0,
        "epochs": 10,
        "train_sec": 1515.6237537279958,
        "val_macro_f1_last": 0.20942480942480945,
        "val_macro_f1_best": 0.2904761904761905,
        "l_intra_last": 0.37828886553014046,
        "l_inter_last": -0.4140868542282116,
        "grad_var_last": 0.0,
        "grad_var_min": 0.0,
        "barren_plateau_any": true,
        "barren_plateau_ok": false
      },
      {
        "lambda1": 1.0,
        "lambda2": 0.0,
        "epochs": 10,
        "train_sec": 1309.947761700998,
        "val_macro_f1_last": 0.20942480942480945,
        "val_macro_f1_best": 0.29347206738511084,
        "l_intra_last": 0.37617080528217084,
        "l_inter_last": -0.4137741318007157,
        "grad_var_last": 0.0,
        "grad_var_min": 0.0,
        "barren_plateau_any": true,
        "barren_plateau_ok": false
      },
      {
        "lambda1": 1.0,
        "lambda2": 0.33,
        "epochs": 10,
        "train_sec": 1276.7716464569967,
        "val_macro_f1_last": 0.20942480942480945,
        "val_macro_f1_best": 0.29347206738511084,
        "l_intra_last": 0.37617080528217084,
        "l_inter_last": -0.4137741318007157,
        "grad_var_last": 0.0,
        "grad_var_min": 0.0,
        "barren_plateau_any": true,
        "barren_plateau_ok": false
      },
      {
        "lambda1": 1.0,
        "lambda2": 0.66,
        "epochs": 10,
        "train_sec": 1271.5628103369963,
        "val_macro_f1_last": 0.20942480942480945,
        "val_macro_f1_best": 0.29347206738511084,
        "l_intra_last": 0.37617080528217084,
        "l_inter_last": -0.4137741318007157,
        "grad_var_last": 0.0,
        "grad_var_min": 0.0,
        "barren_plateau_any": true,
        "barren_plateau_ok": false
      },
      {
        "lambda1": 1.0,
        "lambda2": 1.0,
        "epochs": 10,
        "train_sec": 1269.7050390700024,
        "val_macro_f1_last": 0.20942480942480945,
        "val_macro_f1_best": 0.29347206738511084,
        "l_intra_last": 0.37617080528217084,
        "l_inter_last": -0.4137741318007157,
        "grad_var_last": 0.0,
        "grad_var_min": 0.0,
        "barren_plateau_any": true,
        "barren_plateau_ok": false
      }
    ]
  },
  "extra": {
    "dataset": "UNSW-NB15",
    "data_path": "data/UNSW-NB15/quantum",
    "split_prefix": "q8",
    "seed": 42,
    "epochs": 10,
    "batch_size": 32,
    "lr": 0.05,
    "n_train": 355,
    "n_val": 51,
    "num_qubits": 8,
    "num_layers": 2,
    "noise_rate": 0.01,
    "barren_plateau_var": 1e-06,
    "lambda1_grid": [
      0.0,
      0.33,
      0.66,
      1.0
    ],
    "lambda2_grid": [
      0.0,
      0.33,
      0.66,
      1.0
    ],
    "best_row": {
      "lambda1": 1.0,
      "lambda2": 0.0,
      "epochs": 10,
      "train_sec": 1309.947761700998,
      "val_macro_f1_last": 0.20942480942480945,
      "val_macro_f1_best": 0.29347206738511084,
      "l_intra_last": 0.37617080528217084,
      "l_inter_last": -0.4137741318007157,
      "grad_var_last": 0.0,
      "grad_var_min": 0.0,
      "barren_plateau_any": true,
      "barren_plateau_ok": false
    },
    "class_names": [
      "Analysis",
      "Backdoor",
      "DoS",
      "Exploits",
      "Fuzzers",
      "Generic",
      "Normal",
      "Reconnaissance"
    ]
  }
}