{
  "notebook": "tune-lambdas-bot-iot.ipynb",
  "history": {
    "sensitivity": [
      {
        "lambda1": 0.0,
        "lambda2": 0.0,
        "epochs": 10,
        "train_sec": 2303.3482744149997,
        "val_macro_f1_last": 0.5191176470588236,
        "val_macro_f1_best": 0.548992673992674,
        "l_intra_last": 0.1653612770894176,
        "l_inter_last": -0.39051886689396204,
        "grad_var_last": 0.0,
        "grad_var_min": 0.0,
        "barren_plateau_any": true,
        "barren_plateau_ok": false
      },
      {
        "lambda1": 0.0,
        "lambda2": 0.33,
        "epochs": 10,
        "train_sec": 2348.2267668160002,
        "val_macro_f1_last": 0.5191176470588236,
        "val_macro_f1_best": 0.548992673992674,
        "l_intra_last": 0.1653612770894176,
        "l_inter_last": -0.39051886689396204,
        "grad_var_last": 0.0,
        "grad_var_min": 0.0,
        "barren_plateau_any": true,
        "barren_plateau_ok": false
      },
      {
        "lambda1": 0.0,
        "lambda2": 0.66,
        "epochs": 10,
        "train_sec": 2243.7820034759998,
        "val_macro_f1_last": 0.5191176470588236,
        "val_macro_f1_best": 0.548992673992674,
        "l_intra_last": 0.1653612770894176,
        "l_inter_last": -0.39051886689396204,
        "grad_var_last": 0.0,
        "grad_var_min": 0.0,
        "barren_plateau_any": true,
        "barren_plateau_ok": false
      },
      {
        "lambda1": 0.0,
        "lambda2": 1.0,
        "epochs": 10,
        "train_sec": 2131.2684185509997,
        "val_macro_f1_last": 0.5191176470588236,
        "val_macro_f1_best": 0.548992673992674,
        "l_intra_last": 0.1653612770894176,
        "l_inter_last": -0.39051886689396204,
        "grad_var_last": 0.0,
        "grad_var_min": 0.0,
        "barren_plateau_any": true,
        "barren_plateau_ok": false
      },
      {
        "lambda1": 0.33,
        "lambda2": 0.0,
        "epochs": 10,
        "train_sec": 2712.141144497,
        "val_macro_f1_last": 0.24054621848739496,
        "val_macro_f1_best": 0.29406474820143885,
        "l_intra_last": 0.15085340814170767,
        "l_inter_last": -0.3663702331583669,
        "grad_var_last": 0.0,
        "grad_var_min": 0.0,
        "barren_plateau_any": true,
        "barren_plateau_ok": false
      },
      {
        "lambda1": 0.33,
        "lambda2": 0.33,
        "epochs": 10,
        "train_sec": 2215.7674065949996,
        "val_macro_f1_last": 0.24054621848739496,
        "val_macro_f1_best": 0.29406474820143885,
        "l_intra_last": 0.15085340814170767,
        "l_inter_last": -0.3663702331583669,
        "grad_var_last": 0.0,
        "grad_var_min": 0.0,
        "barren_plateau_any": true,
        "barren_plateau_ok": false
      },
      {
        "lambda1": 0.33,
        "lambda2": 0.66,
        "epochs": 10,
        "train_sec": 2150.503901895001,
        "val_macro_f1_last": 0.24054621848739496,
        "val_macro_f1_best": 0.29406474820143885,
        "l_intra_last": 0.15085340814170767,
        "l_inter_last": -0.3663702331583669,
        "grad_var_last": 0.0,
        "grad_var_min": 0.0,
        "barren_plateau_any": true,
        "barren_plateau_ok": false
      },
      {
        "lambda1": 0.33,
        "lambda2": 1.0,
        "epochs": 10,
        "train_sec": 2178.053737774,
        "val_macro_f1_last": 0.24054621848739496,
        "val_macro_f1_best": 0.29406474820143885,
        "l_intra_last": 0.15085340814170767,
        "l_inter_last": -0.3663702331583669,
        "grad_var_last": 0.0,
        "grad_var_min": 0.0,
        "barren_plateau_any": true,
        "barren_plateau_ok": false
      },
      {
        "lambda1": 0.66,
        "lambda2": 0.0,
        "epochs": 10,
        "train_sec": 2147.409717814,
        "val_macro_f1_last": 0.24054621848739496,
        "val_macro_f1_best": 0.3248847926267281,
        "l_intra_last": 0.14471651714899167,
        "l_inter_last": -0.35540287938594295,
        "grad_var_last": 0.0,
        "grad_var_min": 0.0,
        "barren_plateau_any": true,
        "barren_plateau_ok": false
      },
      {
        "lambda1": 0.66,
        "lambda2": 0.33,
        "epochs": 10,
        "train_sec": 2169.3536793979983,
        "val_macro_f1_last": 0.24054621848739496,
        "val_macro_f1_best": 0.3248847926267281,
        "l_intra_last": 0.14471651714899167,
        "l_inter_last": -0.35540287938594295,
        "grad_var_last": 0.0,
        "grad_var_min": 0.0,
        "barren_plateau_any": true,
        "barren_plateau_ok": false
      },
      {
        "lambda1": 0.66,
        "lambda2": 0.66,
        "epochs": 10,
        "train_sec": 2187.3467163820023,
        "val_macro_f1_last": 0.24054621848739496,
        "val_macro_f1_best": 0.3248847926267281,
        "l_intra_last": 0.14471651714899167,
        "l_inter_last": -0.35540287938594295,
        "grad_var_last": 0.0,
        "grad_var_min": 0.0,
        "barren_plateau_any": true,
        "barren_plateau_ok": false
      },
      {
        "lambda1": 0.66,
        "lambda2": 1.0,
        "epochs": 10,
        "train_sec": 2187.45343478,
        "val_macro_f1_last": 0.24054621848739496,
        "val_macro_f1_best": 0.3248847926267281,
        "l_intra_last": 0.14471651714899167,
        "l_inter_last": -0.35540287938594295,
        "grad_var_last": 0.0,
        "grad_var_min": 0.0,
        "barren_plateau_any": true,
        "barren_plateau_ok": false
      },
      {
        "lambda1": 1.0,
        "lambda2": 0.0,
        "epochs": 10,
        "train_sec": 2183.2074745440004,
        "val_macro_f1_last": 0.24054621848739496,
        "val_macro_f1_best": 0.3498051948051948,
        "l_intra_last": 0.14247885704187085,
        "l_inter_last": -0.35289508975782025,
        "grad_var_last": 0.0,
        "grad_var_min": 0.0,
        "barren_plateau_any": true,
        "barren_plateau_ok": false
      },
      {
        "lambda1": 1.0,
        "lambda2": 0.33,
        "epochs": 10,
        "train_sec": 2141.789435056002,
        "val_macro_f1_last": 0.24054621848739496,
        "val_macro_f1_best": 0.3498051948051948,
        "l_intra_last": 0.14247885704187085,
        "l_inter_last": -0.35289508975782025,
        "grad_var_last": 0.0,
        "grad_var_min": 0.0,
        "barren_plateau_any": true,
        "barren_plateau_ok": false
      },
      {
        "lambda1": 1.0,
        "lambda2": 0.66,
        "epochs": 10,
        "train_sec": 2127.6007425589996,
        "val_macro_f1_last": 0.24054621848739496,
        "val_macro_f1_best": 0.3498051948051948,
        "l_intra_last": 0.14247885704187085,
        "l_inter_last": -0.35289508975782025,
        "grad_var_last": 0.0,
        "grad_var_min": 0.0,
        "barren_plateau_any": true,
        "barren_plateau_ok": false
      },
      {
        "lambda1": 1.0,
        "lambda2": 1.0,
        "epochs": 10,
        "train_sec": 2155.1316116200032,
        "val_macro_f1_last": 0.24054621848739496,
        "val_macro_f1_best": 0.3498051948051948,
        "l_intra_last": 0.14247885704187085,
        "l_inter_last": -0.35289508975782025,
        "grad_var_last": 0.0,
        "grad_var_min": 0.0,
        "barren_plateau_any": true,
        "barren_plateau_ok": false
      }
    ]
  },
  "extra": {
    "dataset": "BoT_IoT",
    "data_path": "data/BoT_IoT/quantum",
    "split_prefix": "q8",
    "seed": 42,
    "epochs": 10,
    "batch_size": 64,
    "lr": 0.05,
    "n_train": 651,
    "n_val": 93,
    "num_qubits": 8,
    "num_layers": 2,
    "noise_rate": 0.01,
    "barren_plateau_var": 1e-06,
    "lambda1_grid": [
      0.0,
      0.33,
      0.66,
      1.0
    ],
    "lambda2_grid": [
      0.0,
      0.33,
      0.66,
      1.0
    ],
    "best_row": {
      "lambda1": 0.0,
      "lambda2": 0.0,
      "epochs": 10,
      "train_sec": 2303.3482744149997,
      "val_macro_f1_last": 0.5191176470588236,
      "val_macro_f1_best": 0.548992673992674,
      "l_intra_last": 0.1653612770894176,
      "l_inter_last": -0.39051886689396204,
      "grad_var_last": 0.0,
      "grad_var_min": 0.0,
      "barren_plateau_any": true,
      "barren_plateau_ok": false
    },
    "class_names": [
      "DDoS",
      "DoS",
      "Normal",
      "Reconnaissance"
    ]
  }
}